
GNU gdb (Ubuntu 7.11.1-0ubuntu1~16.5) 7.11.1
Copyright (C) 2016 Free Software Foundation, Inc.
License GPLv3+: GNU GPL version 3 or later <http://gnu.org/licenses/gpl.html>
This is free software: you are free to change and redistribute it.
There is NO WARRANTY, to the extent permitted by law.  Type "show copying"
and "show warranty" for details.
This GDB was configured as "aarch64-linux-gnu".
Type "show configuration" for configuration details.
For bug reporting instructions, please see:
<http://www.gnu.org/software/gdb/bugs/>.
Find the GDB manual and other documentation resources online at:
<http://www.gnu.org/software/gdb/documentation/>.
For help, type "help".
Type "apropos word" to search for commands related to "word"...
Reading symbols from ./lvgl...done.
Starting program: /usr/share/click/preinstalled/com.ubuntu.filemanager/0.7.5/lvgl 
[Thread debugging using libthread_db enabled]
Using host libthread_db library "/lib/aarch64-linux-gnu/libthread_db.so.1".
Getting server references...
Connected to display
[230706.999]  -> wl_display@1.get_registry(new id wl_registry@2)
[230734.259] wl_registry@2.global(1, "wl_drm", 2)
Got interface wl_drm id 1
[230739.018] wl_registry@2.global(2, "qt_windowmanager", 1)
Got interface qt_windowmanager id 2
[230739.361] wl_registry@2.global(3, "wl_compositor", 4)
Got interface wl_compositor id 3
[230739.662]  -> wl_registry@2.bind(3, "wl_compositor", 1, new id [unknown]@3)
[230739.959] wl_registry@2.global(4, "wl_subcompositor", 1)
Got interface wl_subcompositor id 4
[230740.201] wl_registry@2.global(5, "wl_seat", 6)
Got interface wl_seat id 5
[230740.298] wl_registry@2.global(6, "wl_output", 3)
Got interface wl_output id 6
[230740.385] wl_registry@2.global(7, "wl_data_device_manager", 3)
Got interface wl_data_device_manager id 7
[230740.477] wl_registry@2.global(8, "wl_shell", 1)
Got interface wl_shell id 8
[230740.751]  -> wl_registry@2.bind(8, "wl_shell", 1, new id [unknown]@4)
[230741.009] wl_registry@2.global(9, "zxdg_shell_v6", 1)
Got interface zxdg_shell_v6 id 9
[230741.101] wl_registry@2.global(10, "xdg_wm_base", 1)
Got interface xdg_wm_base id 10
[230741.332] wl_registry@2.global(11, "wl_shm", 1)
Got interface wl_shm id 11
[230741.567]  -> wl_display@1.sync(new id wl_callback@5)
[230742.083] wl_display@1.delete_id(5)
[230742.165] wl_callback@5.done(20)
[230742.223]  -> wl_compositor@3.create_surface(new id wl_surface@5)
[230742.288]  -> wl_shell@4.get_shell_surface(new id wl_shell_surface@6, wl_surface@5)
[230742.374]  -> wl_shell_surface@6.set_toplevel()
Creating opaque region...
[230742.420]  -> wl_compositor@3.create_region(new id wl_region@7)
[230742.607]  -> wl_region@7.add(0, 0, 720, 1398)
[230742.704]  -> wl_surface@5.set_opaque_region(wl_region@7)
Init EGL...
[230743.688]  -> wl_display@1.get_registry(new id wl_registry@8)
[230743.819]  -> wl_display@1.sync(new id wl_callback@9)
[230744.481] wl_display@1.delete_id(9)
[230744.570] wl_registry@8.global(1, "wl_drm", 2)
[230744.673]  -> wl_registry@8.bind(1, "wl_drm", 2, new id [unknown]@10)
[230748.582] wl_registry@8.global(2, "qt_windowmanager", 1)
[230748.683] wl_registry@8.global(3, "wl_compositor", 4)
[230748.746] wl_registry@8.global(4, "wl_subcompositor", 1)
[230748.811] wl_registry@8.global(5, "wl_seat", 6)
[230749.028] wl_registry@8.global(6, "wl_output", 3)
[230749.285] wl_registry@8.global(7, "wl_data_device_manager", 3)
[230749.333] wl_registry@8.global(8, "wl_shell", 1)
[230749.670] wl_registry@8.global(9, "zxdg_shell_v6", 1)
[230749.742] wl_registry@8.global(10, "xdg_wm_base", 1)
[230749.804] wl_registry@8.global(11, "wl_shm", 1)
[230749.863] wl_callback@9.done(20)
[230749.916]  -> wl_display@1.sync(new id wl_callback@9)
[230750.858] wl_display@1.delete_id(9)
[230750.948] wl_drm@10.device("/dev/dri/card1")
[230751.597]  -> wl_drm@10.authenticate(4)
[230751.672] wl_drm@10.format(875713089)
[230751.713] wl_drm@10.format(875713112)
[230751.743] wl_drm@10.format(909199186)
[230751.770] wl_drm@10.format(961959257)
[230751.800] wl_drm@10.format(825316697)
[230751.831] wl_drm@10.format(842093913)
[230751.860] wl_drm@10.format(909202777)
[230751.888] wl_drm@10.format(875713881)
[230751.916] wl_drm@10.format(842094158)
[230751.948] wl_drm@10.format(909203022)
[230751.972] wl_drm@10.format(1448695129)
[230752.284] wl_drm@10.capabilities(1)
[230752.329] wl_callback@9.done(20)
[230752.375]  -> wl_display@1.sync(new id wl_callback@9)
[230756.123] wl_display@1.delete_id(9)
[230758.080] wl_drm@10.authenticated()
[230758.633] wl_callback@9.done(20)
EGL major: 1, minor 4
EGL has 14 configs
Buffer size for config 0 is 24
Red size for config 0 is 8
Rendering display...
Init display...
Creating widgets...
Handle task...
Flush display: left=0, top=0, right=719, bottom=1397...
Init texture...
Create texture...
Draw width=720, height=1398...
[231564.906]  -> wl_surface@5.frame(new id wl_callback@9)
[231565.327]  -> wl_drm@10.create_prime_buffer(new id wl_buffer@11, fd 9, 720, 1398, 875713112, 0, 2880, 0, 0, 0, 0)
[231565.567]  -> wl_surface@5.attach(wl_buffer@11, 0, 0)
[231565.644]  -> wl_surface@5.damage(0, 0, 2147483647, 2147483647)
[231565.814]  -> wl_surface@5.commit()
[231756.670] wl_display@1.delete_id(9)
